<?xml version="1.0" encoding="UTF-8"?>
<!-- Generated by org.testng.reporters.JUnitReportReporter -->
<testsuite hostname="DESKTOP-SV9CFRI" failures="0" tests="1" name="com.herokuapp.theinternet.editortests.EditorTests" time="52.123" errors="0" timestamp="2023-08-27T19:34:21 IST" skipped="0">
  <testcase classname="com.herokuapp.theinternet.editortests.EditorTests" name="defaultEditorValueTest" time="52.123"/>
</testsuite> <!-- com.herokuapp.theinternet.editortests.EditorTests -->
